TN:
SF:src\jquery-wrapper.ts
FN:3,(anonymous_0)
FN:7,(anonymous_1)
FN:8,(anonymous_2)
FN:15,(anonymous_3)
FN:16,(anonymous_4)
FN:17,(anonymous_5)
FN:27,(anonymous_6)
FN:28,(anonymous_7)
FN:29,(anonymous_8)
FN:39,(anonymous_9)
FN:40,(anonymous_10)
FN:41,(anonymous_11)
FN:50,(anonymous_12)
FN:51,(anonymous_13)
FN:52,(anonymous_14)
FN:62,rangeSlider
FNF:16
FNH:16
FNDA:9,(anonymous_0)
FNDA:7,(anonymous_1)
FNDA:7,(anonymous_2)
FNDA:2,(anonymous_3)
FNDA:2,(anonymous_4)
FNDA:6,(anonymous_5)
FNDA:22,(anonymous_6)
FNDA:22,(anonymous_7)
FNDA:56,(anonymous_8)
FNDA:1,(anonymous_9)
FNDA:1,(anonymous_10)
FNDA:4,(anonymous_11)
FNDA:1,(anonymous_12)
FNDA:1,(anonymous_13)
FNDA:4,(anonymous_14)
FNDA:34,rangeSlider
DA:3,9
DA:4,9
DA:6,9
DA:8,7
DA:9,7
DA:11,7
DA:16,2
DA:17,2
DA:18,6
DA:19,2
DA:20,2
DA:22,6
DA:28,22
DA:29,22
DA:30,56
DA:31,32
DA:32,32
DA:34,56
DA:40,1
DA:41,1
DA:42,4
DA:43,2
DA:45,4
DA:51,1
DA:52,1
DA:53,4
DA:54,2
DA:56,4
DA:62,9
DA:63,34
DA:64,26
DA:66,8
DA:67,7
DA:68,7
DA:70,1
DA:74,9
DA:76,9
LF:37
LH:37
BRDA:18,0,0,2
BRDA:18,0,1,4
BRDA:30,1,0,32
BRDA:30,1,1,24
BRDA:42,2,0,2
BRDA:42,2,1,2
BRDA:53,3,0,2
BRDA:53,3,1,2
BRDA:63,4,0,26
BRDA:63,4,1,8
BRDA:66,5,0,7
BRDA:66,5,1,1
BRDA:66,6,0,8
BRDA:66,6,1,8
BRF:14
BRH:14
end_of_record
TN:
SF:src\components\controller.ts
FN:8,(anonymous_0)
FN:19,(anonymous_1)
FN:20,(anonymous_2)
FN:35,(anonymous_3)
FN:36,(anonymous_4)
FN:37,(anonymous_5)
FN:42,(anonymous_6)
FN:70,(anonymous_7)
FN:72,(anonymous_8)
FN:73,(anonymous_9)
FN:81,(anonymous_10)
FN:83,(anonymous_11)
FN:84,(anonymous_12)
FNF:13
FNH:13
FNDA:58,(anonymous_0)
FNDA:60,(anonymous_1)
FNDA:14,(anonymous_2)
FNDA:62,(anonymous_3)
FNDA:105,(anonymous_4)
FNDA:14,(anonymous_5)
FNDA:22,(anonymous_6)
FNDA:60,(anonymous_7)
FNDA:94,(anonymous_8)
FNDA:4,(anonymous_9)
FNDA:60,(anonymous_10)
FNDA:234,(anonymous_11)
FNDA:8,(anonymous_12)
DA:6,58
DA:10,58
DA:13,58
DA:14,58
DA:15,58
DA:20,60
DA:21,14
DA:22,14
DA:24,14
DA:25,4
DA:26,4
DA:27,4
DA:30,14
DA:36,62
DA:37,105
DA:38,14
DA:39,14
DA:40,14
DA:42,22
DA:44,14
DA:46,14
DA:47,8
DA:48,6
DA:49,6
DA:51,2
DA:52,2
DA:56,14
DA:57,10
DA:58,10
DA:61,14
DA:71,60
DA:72,60
DA:73,94
DA:74,4
DA:75,4
DA:82,60
DA:83,18
DA:84,234
DA:85,8
DA:86,8
DA:91,8
DA:92,4
DA:96,4
DA:97,4
DA:99,4
DA:100,4
DA:102,4
DA:105,8
LF:48
LH:48
BRDA:24,0,0,4
BRDA:24,0,1,10
BRDA:46,1,0,8
BRDA:46,1,1,6
BRDA:47,2,0,6
BRDA:47,2,1,2
BRDA:49,3,0,4
BRDA:49,3,1,2
BRDA:52,4,0,2
BRDA:52,4,1,0
BRDA:56,5,0,10
BRDA:56,5,1,4
BRDA:71,6,0,60
BRDA:71,6,1,0
BRDA:82,7,0,18
BRDA:82,7,1,42
BRDA:91,8,0,4
BRDA:91,8,1,4
BRDA:102,9,0,0
BRDA:102,9,1,4
BRF:20
BRH:17
end_of_record
TN:
SF:src\components\model.ts
FN:8,(anonymous_0)
FN:14,(anonymous_1)
FN:19,(anonymous_2)
FN:26,(anonymous_3)
FN:34,(anonymous_4)
FN:54,(anonymous_5)
FN:58,(anonymous_6)
FN:67,(anonymous_7)
FN:71,(anonymous_8)
FNF:9
FNH:9
FNDA:60,(anonymous_0)
FNDA:2,(anonymous_1)
FNDA:4,(anonymous_2)
FNDA:6,(anonymous_3)
FNDA:68,(anonymous_4)
FNDA:70,(anonymous_5)
FNDA:138,(anonymous_6)
FNDA:69,(anonymous_7)
FNDA:138,(anonymous_8)
DA:6,60
DA:9,60
DA:11,60
DA:15,2
DA:16,2
DA:18,2
DA:19,4
DA:22,2
DA:27,6
DA:28,6
DA:30,6
DA:35,68
DA:37,68
DA:38,68
DA:39,46
DA:40,46
DA:41,22
DA:43,68
DA:44,68
DA:46,68
DA:48,68
DA:55,70
DA:57,70
DA:58,70
DA:59,138
DA:60,137
DA:61,136
DA:63,70
DA:68,69
DA:69,69
DA:71,69
DA:72,138
DA:75,69
LF:33
LH:33
BRDA:38,0,0,46
BRDA:38,0,1,22
BRDA:59,1,0,1
BRDA:59,1,1,137
BRDA:60,2,0,1
BRDA:60,2,1,136
BRF:6
BRH:6
end_of_record
TN:
SF:src\components\range-slider.ts
FN:13,(anonymous_0)
FN:18,(anonymous_1)
FN:40,(anonymous_2)
FN:48,(anonymous_3)
FN:55,(anonymous_4)
FN:59,(anonymous_5)
FN:66,(anonymous_6)
FN:72,(anonymous_7)
FN:80,(anonymous_8)
FN:87,(anonymous_9)
FN:91,(anonymous_10)
FN:98,(anonymous_11)
FN:104,(anonymous_12)
FN:112,(anonymous_13)
FN:117,(anonymous_14)
FNF:15
FNH:15
FNDA:11,(anonymous_0)
FNDA:58,(anonymous_1)
FNDA:58,(anonymous_2)
FNDA:60,(anonymous_3)
FNDA:103,(anonymous_4)
FNDA:94,(anonymous_5)
FNDA:208,(anonymous_6)
FNDA:10,(anonymous_7)
FNDA:37,(anonymous_8)
FNDA:69,(anonymous_9)
FNDA:64,(anonymous_10)
FNDA:13,(anonymous_11)
FNDA:2,(anonymous_12)
FNDA:34,(anonymous_13)
FNDA:11,(anonymous_14)
DA:14,11
DA:15,11
DA:19,58
DA:20,58
DA:22,58
DA:23,2
DA:24,2
DA:26,58
DA:27,2
DA:28,2
DA:30,58
DA:31,58
DA:32,58
DA:33,58
DA:36,58
DA:37,58
DA:41,58
DA:42,58
DA:43,58
DA:44,58
DA:45,58
DA:49,60
DA:51,60
DA:53,60
DA:55,60
DA:56,103
DA:59,60
DA:60,94
DA:61,94
DA:65,60
DA:66,16
DA:67,208
DA:71,60
DA:72,5
DA:73,10
DA:74,10
DA:75,10
DA:81,37
DA:83,37
DA:85,37
DA:87,37
DA:88,69
DA:91,37
DA:92,64
DA:93,64
DA:97,37
DA:98,1
DA:99,13
DA:103,37
DA:104,1
DA:105,2
DA:106,2
DA:107,2
DA:113,34
DA:114,34
DA:119,11
DA:120,7
DA:121,11
DA:123,11
LF:59
LH:59
BRDA:22,0,0,2
BRDA:22,0,1,56
BRDA:26,1,0,2
BRDA:26,1,1,56
BRDA:30,2,0,58
BRDA:30,2,1,0
BRDA:51,3,0,60
BRDA:51,3,1,15
BRDA:60,4,0,94
BRDA:60,4,1,0
BRDA:65,5,0,16
BRDA:65,5,1,44
BRDA:71,6,0,5
BRDA:71,6,1,55
BRDA:83,7,0,37
BRDA:83,7,1,1
BRDA:92,8,0,64
BRDA:92,8,1,0
BRDA:97,9,0,1
BRDA:97,9,1,36
BRDA:103,10,0,1
BRDA:103,10,1,36
BRDA:119,11,0,4
BRDA:119,11,1,7
BRDA:121,12,0,0
BRDA:121,12,1,11
BRF:26
BRH:22
end_of_record
TN:
SF:src\components\interface\IConfig.ts
FNF:0
FNH:0
LF:0
LH:0
BRF:0
BRH:0
end_of_record
TN:
SF:src\components\interface\IVarsPosition.ts
FNF:0
FNH:0
LF:0
LH:0
BRF:0
BRH:0
end_of_record
TN:
SF:src\components\view\text-field.ts
FN:8,(anonymous_0)
FN:13,(anonymous_1)
FN:21,(anonymous_2)
FN:33,(anonymous_3)
FNF:4
FNH:4
FNDA:90,(anonymous_0)
FNDA:91,(anonymous_1)
FNDA:8,(anonymous_2)
FNDA:114,(anonymous_3)
DA:4,90
DA:9,90
DA:10,90
DA:14,91
DA:16,91
DA:17,90
DA:23,8
DA:24,1
DA:26,8
DA:34,114
DA:35,4
LF:11
LH:11
BRDA:16,0,0,1
BRDA:16,0,1,90
BRDA:23,1,0,7
BRDA:23,1,1,1
BRDA:23,2,0,7
BRDA:23,2,1,4
BRDA:24,3,0,1
BRDA:24,3,1,0
BRDA:34,4,0,110
BRDA:34,4,1,4
BRF:10
BRH:9
end_of_record
TN:
SF:src\components\view\view.ts
FN:23,(anonymous_0)
FN:36,(anonymous_1)
FN:40,(anonymous_2)
FN:46,(anonymous_3)
FN:52,(anonymous_4)
FN:56,(anonymous_5)
FN:66,(anonymous_6)
FN:68,(anonymous_7)
FN:69,(anonymous_8)
FN:76,(anonymous_9)
FN:84,(anonymous_10)
FN:85,(anonymous_11)
FN:92,(anonymous_12)
FN:97,(anonymous_13)
FN:122,(anonymous_14)
FN:154,(anonymous_15)
FN:166,(anonymous_16)
FN:177,(anonymous_17)
FN:191,(anonymous_18)
FN:205,(anonymous_19)
FNF:20
FNH:20
FNDA:58,(anonymous_0)
FNDA:78,(anonymous_1)
FNDA:114,(anonymous_2)
FNDA:40,(anonymous_3)
FNDA:76,(anonymous_4)
FNDA:92,(anonymous_5)
FNDA:90,(anonymous_6)
FNDA:144,(anonymous_7)
FNDA:144,(anonymous_8)
FNDA:58,(anonymous_9)
FNDA:90,(anonymous_10)
FNDA:144,(anonymous_11)
FNDA:58,(anonymous_12)
FNDA:58,(anonymous_13)
FNDA:58,(anonymous_14)
FNDA:25,(anonymous_15)
FNDA:90,(anonymous_16)
FNDA:76,(anonymous_17)
FNDA:58,(anonymous_18)
FNDA:18,(anonymous_19)
DA:12,58
DA:13,58
DA:14,58
DA:24,58
DA:25,58
DA:26,58
DA:27,58
DA:28,58
DA:29,58
DA:30,58
DA:33,58
DA:37,78
DA:39,78
DA:40,78
DA:41,114
DA:45,78
DA:46,78
DA:47,40
DA:53,76
DA:55,76
DA:56,46
DA:57,92
DA:58,92
DA:61,30
DA:62,30
DA:67,90
DA:68,144
DA:69,144
DA:72,90
DA:75,90
DA:76,37
DA:77,58
DA:78,32
DA:79,26
DA:85,144
DA:87,90
DA:88,71
DA:91,90
DA:92,90
DA:98,58
DA:100,58
DA:101,5
DA:110,53
DA:132,58
DA:133,58
DA:135,58
DA:136,58
DA:139,58
DA:141,58
DA:142,58
DA:143,99
DA:147,58
DA:148,47
DA:152,58
DA:153,15
DA:154,15
DA:155,25
DA:160,58
DA:161,16
DA:165,58
DA:166,58
DA:167,90
DA:172,58
DA:178,76
DA:180,76
DA:181,76
DA:183,76
DA:185,76
DA:186,76
DA:192,58
DA:194,58
DA:195,47
DA:196,47
DA:199,58
DA:200,16
DA:206,18
DA:207,18
DA:208,18
DA:209,18
DA:210,18
LF:80
LH:80
BRDA:39,0,0,78
BRDA:39,0,1,0
BRDA:45,1,0,78
BRDA:45,1,1,0
BRDA:55,2,0,46
BRDA:55,2,1,30
BRDA:72,3,0,71
BRDA:72,3,1,19
BRDA:75,4,0,37
BRDA:75,4,1,53
BRDA:77,5,0,32
BRDA:77,5,1,26
BRDA:87,6,0,71
BRDA:87,6,1,19
BRDA:91,7,0,90
BRDA:91,7,1,0
BRDA:100,8,0,5
BRDA:100,8,1,53
BRDA:103,9,0,5
BRDA:103,9,1,0
BRDA:112,10,0,2
BRDA:112,10,1,51
BRDA:133,11,0,58
BRDA:133,11,1,17
BRDA:141,12,0,41
BRDA:141,12,1,17
BRDA:147,13,0,47
BRDA:147,13,1,11
BRDA:152,14,0,15
BRDA:152,14,1,43
BRDA:160,15,0,16
BRDA:160,15,1,42
BRDA:165,16,0,58
BRDA:165,16,1,0
BRDA:194,17,0,47
BRDA:194,17,1,11
BRDA:199,18,0,16
BRDA:199,18,1,42
BRF:38
BRH:33
end_of_record
TN:
SF:src\components\view\button\button.ts
FN:11,(anonymous_0)
FN:17,(anonymous_1)
FN:27,(anonymous_2)
FN:47,(anonymous_3)
FN:59,(anonymous_4)
FN:63,(anonymous_5)
FNF:6
FNH:6
FNDA:99,(anonymous_0)
FNDA:8,(anonymous_1)
FNDA:6,(anonymous_2)
FNDA:4,(anonymous_3)
FNDA:128,(anonymous_4)
FNDA:144,(anonymous_5)
DA:6,99
DA:12,99
DA:13,99
DA:18,8
DA:19,8
DA:21,8
DA:22,8
DA:23,8
DA:24,8
DA:25,8
DA:27,8
DA:29,6
DA:30,6
DA:31,3
DA:33,3
DA:37,6
DA:38,6
DA:40,6
DA:42,6
DA:47,8
DA:48,4
DA:52,4
DA:53,4
DA:56,8
DA:60,128
DA:64,144
LF:26
LH:26
BRDA:30,0,0,3
BRDA:30,0,1,3
BRDA:37,1,0,2
BRDA:37,1,1,4
BRDA:38,2,0,2
BRDA:38,2,1,4
BRF:6
BRH:6
end_of_record
TN:
SF:src\components\view\interval\interval.ts
FN:9,(anonymous_0)
FN:23,(anonymous_1)
FN:27,(anonymous_2)
FN:38,(anonymous_3)
FN:51,(anonymous_4)
FNF:5
FNH:5
FNDA:47,(anonymous_0)
FNDA:47,(anonymous_1)
FNDA:71,(anonymous_2)
FNDA:71,(anonymous_3)
FNDA:55,(anonymous_4)
DA:5,47
DA:14,47
DA:24,47
DA:28,71
DA:30,71
DA:31,17
DA:33,54
DA:34,54
DA:39,71
DA:40,71
DA:41,71
DA:43,71
DA:53,55
DA:56,55
LF:14
LH:14
BRDA:30,0,0,17
BRDA:30,0,1,54
BRDA:53,1,0,55
BRDA:53,1,1,54
BRDA:56,2,0,1
BRDA:56,2,1,54
BRF:6
BRH:6
end_of_record
TN:
SF:src\components\view\label\label.ts
FN:10,(anonymous_0)
FN:23,(anonymous_1)
FN:27,(anonymous_2)
FN:31,(anonymous_3)
FN:35,(anonymous_4)
FN:39,(anonymous_5)
FN:43,(anonymous_6)
FNF:7
FNH:7
FNDA:25,(anonymous_0)
FNDA:58,(anonymous_1)
FNDA:58,(anonymous_2)
FNDA:2,(anonymous_3)
FNDA:10,(anonymous_4)
FNDA:40,(anonymous_5)
FNDA:25,(anonymous_6)
DA:15,25
DA:17,25
DA:18,10
DA:19,10
DA:24,58
DA:28,58
DA:32,2
DA:36,10
DA:40,40
DA:44,25
DA:52,25
LF:11
LH:11
BRDA:17,0,0,10
BRDA:17,0,1,15
BRF:2
BRH:2
end_of_record
TN:
SF:src\components\view\point\point.ts
FN:13,(anonymous_0)
FN:35,(anonymous_1)
FNF:2
FNH:2
FNDA:208,(anonymous_0)
FNDA:5,(anonymous_1)
DA:5,208
DA:14,208
DA:16,208
DA:17,64
DA:20,208
DA:21,112
DA:26,96
DA:31,208
DA:36,5
LF:9
LH:9
BRDA:16,0,0,64
BRDA:16,0,1,144
BRDA:20,1,0,112
BRDA:20,1,1,96
BRF:4
BRH:4
end_of_record
TN:
SF:src\components\view\range\range.ts
FN:5,(anonymous_0)
FN:10,(anonymous_1)
FNF:2
FNH:2
FNDA:58,(anonymous_0)
FNDA:58,(anonymous_1)
DA:6,58
DA:11,58
DA:12,53
LF:3
LH:3
BRDA:11,0,0,5
BRDA:11,0,1,53
BRF:2
BRH:2
end_of_record
TN:
SF:src\components\view\scale\scale.ts
FN:9,(anonymous_0)
FN:15,(anonymous_1)
FN:21,(anonymous_2)
FN:30,(anonymous_3)
FN:43,(anonymous_4)
FN:55,(anonymous_5)
FN:61,(anonymous_6)
FNF:7
FNH:7
FNDA:16,(anonymous_0)
FNDA:16,(anonymous_1)
FNDA:16,(anonymous_2)
FNDA:208,(anonymous_3)
FNDA:16,(anonymous_4)
FNDA:16,(anonymous_5)
FNDA:208,(anonymous_6)
DA:6,16
DA:10,16
DA:11,16
DA:16,16
DA:17,16
DA:22,16
DA:24,16
DA:25,16
DA:28,16
DA:30,16
DA:31,208
DA:32,208
DA:34,208
DA:35,64
DA:38,208
DA:44,16
DA:46,16
DA:47,208
DA:48,208
DA:50,208
DA:56,16
DA:58,16
DA:59,16
DA:61,16
DA:62,208
DA:63,208
DA:64,208
LF:27
LH:27
BRDA:28,0,0,5
BRDA:28,0,1,11
BRDA:34,1,0,64
BRDA:34,1,1,144
BRDA:38,2,0,65
BRDA:38,2,1,143
BRDA:59,3,0,5
BRDA:59,3,1,11
BRDA:64,4,0,65
BRDA:64,4,1,143
BRF:10
BRH:10
end_of_record
TN:
SF:src\ts\mixins.ts
FN:2,roundToMultiple
FN:16,createHTML
FNF:2
FNH:2
FNDA:346,roundToMultiple
FNDA:725,createHTML
DA:4,346
DA:6,346
DA:10,346
DA:11,346
DA:18,725
DA:19,725
DA:21,725
DA:22,725
DA:24,725
LF:9
LH:9
BRDA:6,0,0,0
BRDA:6,0,1,346
BRDA:22,1,0,667
BRDA:22,1,1,58
BRF:4
BRH:3
end_of_record
TN:
SF:src\ts\observable.ts
FN:3,(anonymous_0)
FN:7,(anonymous_1)
FN:11,(anonymous_2)
FN:12,(anonymous_3)
FNF:4
FNH:4
FNDA:457,(anonymous_0)
FNDA:493,(anonymous_1)
FNDA:82,(anonymous_2)
FNDA:40,(anonymous_3)
DA:4,457
DA:8,493
DA:12,82
LF:3
LH:3
BRF:0
BRH:0
end_of_record
