TN:
SF:src\jquery-wrapper.ts
FN:4,(anonymous_0)
FN:8,(anonymous_1)
FN:9,(anonymous_2)
FN:17,(anonymous_3)
FN:18,(anonymous_4)
FN:19,(anonymous_5)
FN:30,(anonymous_6)
FN:31,(anonymous_7)
FN:32,(anonymous_8)
FN:44,(anonymous_9)
FN:45,(anonymous_10)
FN:46,(anonymous_11)
FN:56,(anonymous_12)
FN:57,(anonymous_13)
FN:58,(anonymous_14)
FN:69,rangeSlider
FNF:16
FNH:16
FNDA:9,(anonymous_0)
FNDA:10,(anonymous_1)
FNDA:10,(anonymous_2)
FNDA:2,(anonymous_3)
FNDA:2,(anonymous_4)
FNDA:6,(anonymous_5)
FNDA:40,(anonymous_6)
FNDA:40,(anonymous_7)
FNDA:74,(anonymous_8)
FNDA:1,(anonymous_9)
FNDA:1,(anonymous_10)
FNDA:4,(anonymous_11)
FNDA:1,(anonymous_12)
FNDA:1,(anonymous_13)
FNDA:4,(anonymous_14)
FNDA:55,rangeSlider
DA:4,9
DA:5,9
DA:7,9
DA:9,10
DA:10,10
DA:11,10
DA:13,10
DA:18,2
DA:19,2
DA:20,6
DA:21,2
DA:22,2
DA:23,2
DA:25,6
DA:31,40
DA:32,40
DA:33,74
DA:34,50
DA:35,50
DA:36,50
DA:37,50
DA:39,24
DA:45,1
DA:46,1
DA:47,4
DA:48,2
DA:49,2
DA:51,2
DA:57,1
DA:58,1
DA:59,4
DA:60,2
DA:61,2
DA:63,2
DA:69,9
DA:70,55
DA:71,44
DA:73,11
DA:74,10
DA:75,10
DA:77,1
DA:81,9
DA:103,9
LF:43
LH:43
BRDA:20,0,0,2
BRDA:20,0,1,4
BRDA:33,1,0,50
BRDA:33,1,1,24
BRDA:47,2,0,2
BRDA:47,2,1,2
BRDA:59,3,0,2
BRDA:59,3,1,2
BRDA:70,4,0,44
BRDA:70,4,1,11
BRDA:73,5,0,10
BRDA:73,5,1,1
BRDA:73,6,0,11
BRDA:73,6,1,11
BRF:14
BRH:14
end_of_record
TN:
SF:src\components\controller.ts
FN:10,(anonymous_0)
FN:15,(anonymous_1)
FN:30,(anonymous_2)
FN:53,(anonymous_3)
FN:54,(anonymous_4)
FN:69,(anonymous_5)
FN:70,(anonymous_6)
FN:71,(anonymous_7)
FN:75,(anonymous_8)
FN:93,(anonymous_9)
FN:95,(anonymous_10)
FN:96,(anonymous_11)
FN:104,(anonymous_12)
FN:106,(anonymous_13)
FN:107,(anonymous_14)
FNF:15
FNH:15
FNDA:10,(anonymous_0)
FNDA:60,(anonymous_1)
FNDA:60,(anonymous_2)
FNDA:62,(anonymous_3)
FNDA:14,(anonymous_4)
FNDA:64,(anonymous_5)
FNDA:110,(anonymous_6)
FNDA:14,(anonymous_7)
FNDA:22,(anonymous_8)
FNDA:62,(anonymous_9)
FNDA:100,(anonymous_10)
FNDA:4,(anonymous_11)
FNDA:62,(anonymous_12)
FNDA:273,(anonymous_13)
FNDA:8,(anonymous_14)
DA:8,10
DA:11,10
DA:12,10
DA:16,60
DA:17,60
DA:19,60
DA:22,60
DA:25,60
DA:26,60
DA:27,60
DA:31,60
DA:32,60
DA:33,60
DA:34,2
DA:35,2
DA:37,60
DA:38,2
DA:39,2
DA:41,60
DA:42,56
DA:43,56
DA:44,56
DA:47,60
DA:49,60
DA:54,62
DA:55,14
DA:56,14
DA:58,14
DA:59,4
DA:60,4
DA:61,4
DA:64,14
DA:70,64
DA:71,110
DA:72,14
DA:73,14
DA:75,22
DA:77,14
DA:79,14
DA:80,10
DA:81,10
DA:84,14
DA:94,62
DA:95,62
DA:96,100
DA:97,4
DA:98,4
DA:105,62
DA:106,21
DA:107,273
DA:108,8
DA:109,8
DA:114,8
DA:115,4
DA:119,4
DA:120,4
DA:122,4
DA:123,4
DA:125,4
DA:128,8
LF:60
LH:60
BRDA:33,0,0,2
BRDA:33,0,1,58
BRDA:37,1,0,2
BRDA:37,1,1,58
BRDA:41,2,0,56
BRDA:41,2,1,4
BRDA:58,3,0,4
BRDA:58,3,1,10
BRDA:79,4,0,10
BRDA:79,4,1,4
BRDA:94,5,0,62
BRDA:94,5,1,0
BRDA:105,6,0,21
BRDA:105,6,1,41
BRDA:114,7,0,4
BRDA:114,7,1,4
BRDA:125,8,0,0
BRDA:125,8,1,4
BRF:18
BRH:16
end_of_record
TN:
SF:src\components\model.ts
FN:9,(anonymous_0)
FN:16,(anonymous_1)
FN:21,(anonymous_2)
FN:28,(anonymous_3)
FN:34,(anonymous_4)
FN:54,(anonymous_5)
FN:58,(anonymous_6)
FN:67,(anonymous_7)
FN:71,(anonymous_8)
FNF:9
FNH:9
FNDA:65,(anonymous_0)
FNDA:4,(anonymous_1)
FNDA:6,(anonymous_2)
FNDA:8,(anonymous_3)
FNDA:80,(anonymous_4)
FNDA:82,(anonymous_5)
FNDA:160,(anonymous_6)
FNDA:81,(anonymous_7)
FNDA:160,(anonymous_8)
DA:6,65
DA:10,65
DA:12,65
DA:17,4
DA:18,4
DA:20,4
DA:21,6
DA:24,4
DA:29,8
DA:30,8
DA:35,80
DA:37,80
DA:38,80
DA:39,55
DA:40,55
DA:41,25
DA:43,80
DA:44,80
DA:46,80
DA:48,80
DA:55,82
DA:57,82
DA:58,82
DA:59,160
DA:60,157
DA:61,151
DA:63,82
DA:68,81
DA:70,81
DA:71,81
DA:72,160
DA:73,160
DA:75,81
LF:33
LH:33
BRDA:38,0,0,55
BRDA:38,0,1,25
BRDA:59,1,0,3
BRDA:59,1,1,157
BRDA:60,2,0,6
BRDA:60,2,1,151
BRF:6
BRH:6
end_of_record
TN:
SF:src\components\interface\IConfig.ts
FNF:0
FNH:0
LF:0
LH:0
BRF:0
BRH:0
end_of_record
TN:
SF:src\components\interface\IVarsPosition.ts
FNF:0
FNH:0
LF:0
LH:0
BRF:0
BRH:0
end_of_record
TN:
SF:src\components\view\textField.ts
FN:8,(anonymous_0)
FN:13,(anonymous_1)
FN:20,(anonymous_2)
FN:30,(anonymous_3)
FNF:4
FNH:4
FNDA:96,(anonymous_0)
FNDA:97,(anonymous_1)
FNDA:8,(anonymous_2)
FNDA:158,(anonymous_3)
DA:4,96
DA:9,96
DA:10,96
DA:14,97
DA:15,97
DA:16,96
DA:21,8
DA:23,8
DA:31,158
LF:9
LH:9
BRDA:15,0,0,1
BRDA:15,0,1,96
BRDA:21,1,0,8
BRDA:21,1,1,5
BRF:4
BRH:4
end_of_record
TN:
SF:src\components\view\view.ts
FN:23,(anonymous_0)
FN:34,(anonymous_1)
FN:38,(anonymous_2)
FN:44,(anonymous_3)
FN:50,(anonymous_4)
FN:54,(anonymous_5)
FN:64,(anonymous_6)
FN:66,(anonymous_7)
FN:67,(anonymous_8)
FN:74,(anonymous_9)
FN:86,(anonymous_10)
FN:87,(anonymous_11)
FN:94,(anonymous_12)
FN:98,(anonymous_13)
FN:104,(anonymous_14)
FN:108,(anonymous_15)
FN:115,(anonymous_16)
FN:121,(anonymous_17)
FN:129,(anonymous_18)
FN:134,(anonymous_19)
FN:138,(anonymous_20)
FN:145,(anonymous_21)
FN:151,(anonymous_22)
FN:160,(anonymous_23)
FN:185,(anonymous_24)
FN:216,(anonymous_25)
FN:228,(anonymous_26)
FN:239,(anonymous_27)
FN:253,(anonymous_28)
FN:267,(anonymous_29)
FNF:30
FNH:30
FNDA:60,(anonymous_0)
FNDA:105,(anonymous_1)
FNDA:158,(anonymous_2)
FNDA:79,(anonymous_3)
FNDA:102,(anonymous_4)
FNDA:124,(anonymous_5)
FNDA:116,(anonymous_6)
FNDA:186,(anonymous_7)
FNDA:186,(anonymous_8)
FNDA:95,(anonymous_9)
FNDA:116,(anonymous_10)
FNDA:186,(anonymous_11)
FNDA:95,(anonymous_12)
FNDA:62,(anonymous_13)
FNDA:108,(anonymous_14)
FNDA:100,(anonymous_15)
FNDA:247,(anonymous_16)
FNDA:16,(anonymous_17)
FNDA:5,(anonymous_18)
FNDA:10,(anonymous_19)
FNDA:10,(anonymous_20)
FNDA:13,(anonymous_21)
FNDA:2,(anonymous_22)
FNDA:64,(anonymous_23)
FNDA:60,(anonymous_24)
FNDA:31,(anonymous_25)
FNDA:96,(anonymous_26)
FNDA:102,(anonymous_27)
FNDA:60,(anonymous_28)
FNDA:42,(anonymous_29)
DA:12,60
DA:13,60
DA:14,60
DA:24,60
DA:25,60
DA:26,60
DA:27,60
DA:28,60
DA:29,60
DA:30,60
DA:31,60
DA:35,105
DA:37,105
DA:38,105
DA:39,158
DA:43,105
DA:44,105
DA:45,79
DA:51,102
DA:53,102
DA:54,62
DA:55,124
DA:56,124
DA:59,40
DA:60,40
DA:65,116
DA:66,186
DA:67,186
DA:70,116
DA:73,116
DA:74,58
DA:77,95
DA:78,66
DA:79,29
DA:81,95
DA:87,186
DA:89,116
DA:90,92
DA:93,116
DA:94,116
DA:99,62
DA:101,62
DA:102,62
DA:104,62
DA:105,108
DA:108,62
DA:109,100
DA:110,100
DA:114,62
DA:115,19
DA:116,247
DA:120,62
DA:121,8
DA:122,16
DA:123,16
DA:124,16
DA:130,5
DA:132,5
DA:134,5
DA:135,10
DA:138,5
DA:139,10
DA:140,10
DA:144,5
DA:145,1
DA:146,13
DA:150,5
DA:151,1
DA:152,2
DA:153,2
DA:154,2
DA:161,64
DA:163,64
DA:164,11
DA:173,53
DA:195,60
DA:197,60
DA:198,60
DA:201,60
DA:203,60
DA:204,60
DA:205,104
DA:209,60
DA:210,50
DA:214,60
DA:215,18
DA:216,18
DA:217,31
DA:222,60
DA:223,19
DA:227,60
DA:228,60
DA:229,96
DA:234,60
DA:240,102
DA:242,102
DA:243,102
DA:245,102
DA:247,102
DA:248,102
DA:254,60
DA:256,60
DA:257,50
DA:258,50
DA:261,60
DA:262,19
DA:268,42
DA:269,42
DA:270,42
DA:271,42
DA:272,42
LF:111
LH:111
BRDA:34,0,0,102
BRDA:37,1,0,105
BRDA:37,1,1,0
BRDA:43,2,0,105
BRDA:43,2,1,0
BRDA:50,3,0,102
BRDA:53,4,0,62
BRDA:53,4,1,40
BRDA:70,5,0,92
BRDA:70,5,1,24
BRDA:73,6,0,58
BRDA:73,6,1,58
BRDA:77,7,0,66
BRDA:77,7,1,29
BRDA:89,8,0,92
BRDA:89,8,1,24
BRDA:93,9,0,116
BRDA:93,9,1,0
BRDA:109,10,0,100
BRDA:109,10,1,0
BRDA:114,11,0,19
BRDA:114,11,1,43
BRDA:120,12,0,8
BRDA:120,12,1,54
BRDA:120,13,0,62
BRDA:120,13,1,18
BRDA:139,14,0,10
BRDA:139,14,1,0
BRDA:144,15,0,1
BRDA:144,15,1,4
BRDA:150,16,0,1
BRDA:150,16,1,4
BRDA:150,17,0,5
BRDA:150,17,1,1
BRDA:163,18,0,11
BRDA:163,18,1,53
BRDA:166,19,0,10
BRDA:166,19,1,1
BRDA:175,20,0,3
BRDA:175,20,1,50
BRDA:203,21,0,44
BRDA:203,21,1,16
BRDA:209,22,0,50
BRDA:209,22,1,10
BRDA:209,23,0,60
BRDA:209,23,1,16
BRDA:214,24,0,18
BRDA:214,24,1,42
BRDA:222,25,0,19
BRDA:222,25,1,41
BRDA:227,26,0,60
BRDA:227,26,1,0
BRDA:256,27,0,50
BRDA:256,27,1,10
BRDA:261,28,0,19
BRDA:261,28,1,41
BRF:56
BRH:50
end_of_record
TN:
SF:src\components\view\button\button.ts
FN:11,(anonymous_0)
FN:21,(anonymous_1)
FN:31,(anonymous_2)
FN:51,(anonymous_3)
FN:63,(anonymous_4)
FN:67,(anonymous_5)
FNF:6
FNH:6
FNDA:104,(anonymous_0)
FNDA:8,(anonymous_1)
FNDA:6,(anonymous_2)
FNDA:4,(anonymous_3)
FNDA:170,(anonymous_4)
FNDA:186,(anonymous_5)
DA:6,104
DA:17,104
DA:18,104
DA:22,8
DA:23,8
DA:25,8
DA:26,8
DA:27,8
DA:28,8
DA:29,8
DA:31,8
DA:33,6
DA:34,6
DA:35,3
DA:37,3
DA:41,6
DA:42,6
DA:44,6
DA:46,6
DA:51,8
DA:52,4
DA:56,4
DA:57,4
DA:60,8
DA:64,170
DA:68,186
LF:26
LH:26
BRDA:34,0,0,3
BRDA:34,0,1,3
BRDA:41,1,0,2
BRDA:41,1,1,4
BRDA:42,2,0,2
BRDA:42,2,1,4
BRF:6
BRH:6
end_of_record
TN:
SF:src\components\view\interval\interval.ts
FN:9,(anonymous_0)
FN:19,(anonymous_1)
FN:23,(anonymous_2)
FN:32,(anonymous_3)
FN:45,(anonymous_4)
FNF:5
FNH:5
FNDA:50,(anonymous_0)
FNDA:50,(anonymous_1)
FNDA:92,(anonymous_2)
FNDA:92,(anonymous_3)
FNDA:71,(anonymous_4)
DA:5,50
DA:10,50
DA:20,50
DA:24,92
DA:25,22
DA:27,70
DA:28,70
DA:33,92
DA:34,92
DA:35,92
DA:37,92
DA:47,71
DA:50,71
LF:13
LH:13
BRDA:24,0,0,22
BRDA:24,0,1,70
BRDA:47,1,0,71
BRDA:47,1,1,70
BRDA:50,2,0,1
BRDA:50,2,1,70
BRF:6
BRH:6
end_of_record
TN:
SF:src\components\view\label\label.ts
FN:12,(anonymous_0)
FN:25,(anonymous_1)
FN:29,(anonymous_2)
FN:33,(anonymous_3)
FN:37,(anonymous_4)
FN:41,(anonymous_5)
FN:45,(anonymous_6)
FNF:7
FNH:7
FNDA:31,(anonymous_0)
FNDA:95,(anonymous_1)
FNDA:95,(anonymous_2)
FNDA:2,(anonymous_3)
FNDA:32,(anonymous_4)
FNDA:79,(anonymous_5)
FNDA:31,(anonymous_6)
DA:5,31
DA:17,31
DA:19,31
DA:20,16
DA:21,16
DA:26,95
DA:30,95
DA:34,2
DA:38,32
DA:42,79
DA:46,31
DA:54,31
LF:12
LH:12
BRDA:19,0,0,16
BRDA:19,0,1,15
BRF:2
BRH:2
end_of_record
TN:
SF:src\components\view\point\point.ts
FN:13,(anonymous_0)
FN:35,(anonymous_1)
FNF:2
FNH:2
FNDA:247,(anonymous_0)
FNDA:5,(anonymous_1)
DA:5,247
DA:14,247
DA:16,247
DA:17,76
DA:20,247
DA:21,133
DA:26,114
DA:31,247
DA:36,5
LF:9
LH:9
BRDA:16,0,0,76
BRDA:16,0,1,171
BRDA:20,1,0,133
BRDA:20,1,1,114
BRF:4
BRH:4
end_of_record
TN:
SF:src\components\view\range\range.ts
FN:5,(anonymous_0)
FN:10,(anonymous_1)
FNF:2
FNH:2
FNDA:60,(anonymous_0)
FNDA:60,(anonymous_1)
DA:6,60
DA:11,60
DA:12,51
LF:3
LH:3
BRDA:11,0,0,9
BRDA:11,0,1,51
BRF:2
BRH:2
end_of_record
TN:
SF:src\components\view\scale\scale.ts
FN:9,(anonymous_0)
FN:15,(anonymous_1)
FN:21,(anonymous_2)
FN:30,(anonymous_3)
FN:43,(anonymous_4)
FN:55,(anonymous_5)
FN:61,(anonymous_6)
FNF:7
FNH:7
FNDA:19,(anonymous_0)
FNDA:19,(anonymous_1)
FNDA:19,(anonymous_2)
FNDA:247,(anonymous_3)
FNDA:19,(anonymous_4)
FNDA:19,(anonymous_5)
FNDA:247,(anonymous_6)
DA:6,19
DA:10,19
DA:11,19
DA:16,19
DA:17,19
DA:22,19
DA:24,19
DA:25,19
DA:28,19
DA:30,19
DA:31,247
DA:32,247
DA:34,247
DA:35,76
DA:38,247
DA:44,19
DA:46,19
DA:47,247
DA:48,247
DA:50,247
DA:56,19
DA:58,19
DA:59,19
DA:61,19
DA:62,247
DA:63,247
DA:64,247
LF:27
LH:27
BRDA:28,0,0,9
BRDA:28,0,1,10
BRDA:34,1,0,76
BRDA:34,1,1,171
BRDA:38,2,0,117
BRDA:38,2,1,130
BRDA:59,3,0,9
BRDA:59,3,1,10
BRDA:64,4,0,117
BRDA:64,4,1,130
BRF:10
BRH:10
end_of_record
TN:
SF:src\ts\mixins.ts
FN:2,roundToMultiple
FN:16,createHTML
FNF:2
FNH:2
FNDA:407,roundToMultiple
FNDA:834,createHTML
DA:4,407
DA:6,407
DA:10,407
DA:11,407
DA:17,834
DA:18,834
DA:20,834
DA:21,834
DA:23,834
LF:9
LH:9
BRDA:6,0,0,400
BRDA:6,0,1,7
BRDA:21,1,0,774
BRDA:21,1,1,60
BRF:4
BRH:4
end_of_record
TN:
SF:src\ts\observable.ts
FN:3,(anonymous_0)
FN:7,(anonymous_1)
FN:11,(anonymous_2)
FN:12,(anonymous_3)
FNF:4
FNH:4
FNDA:543,(anonymous_0)
FNDA:545,(anonymous_1)
FNDA:94,(anonymous_2)
FNDA:40,(anonymous_3)
DA:4,543
DA:8,545
DA:12,94
LF:3
LH:3
BRF:0
BRH:0
end_of_record
